0 verbose cli /usr/local/bin/node /usr/local/bin/npm
1 info using npm@9.6.2
2 info using node@v18.15.0
3 timing npm:load:whichnode Completed in 7ms
4 timing config:load:defaults Completed in 11ms
5 timing config:load:file:/usr/local/lib/node_modules/npm/npmrc Completed in 2ms
6 timing config:load:builtin Completed in 2ms
7 timing config:load:cli Completed in 2ms
8 timing config:load:env Completed in 0ms
9 timing config:load:project Completed in 13ms
10 timing config:load:file:/home/container/.npmrc Completed in 1ms
11 timing config:load:user Completed in 1ms
12 timing config:load:file:/usr/local/etc/npmrc Completed in 3ms
13 timing config:load:global Completed in 3ms
14 timing config:load:setEnvs Completed in 1ms
15 timing config:load Completed in 35ms
16 timing npm:load:configload Completed in 35ms
17 timing npm:load:mkdirpcache Completed in 5ms
18 timing npm:load:mkdirplogs Completed in 5ms
19 verbose title npm install body-parser ytdl-core
20 verbose argv "install" "body-parser" "ytdl-core"
21 timing npm:load:setTitle Completed in 1ms
22 timing config:load:flatten Completed in 4ms
23 timing npm:load:display Completed in 5ms
24 verbose logfile logs-max:10 dir:/home/container/.npm/_logs/2023-03-22T08_55_40_035Z-
25 verbose logfile /home/container/.npm/_logs/2023-03-22T08_55_40_035Z-debug-0.log
26 timing npm:load:logFile Completed in 6ms
27 timing npm:load:timers Completed in 0ms
28 timing npm:load:configScope Completed in 0ms
29 timing npm:load Completed in 74ms
30 timing arborist:ctor Completed in 1ms
31 silly logfile start cleaning logs, removing 1 files
32 silly logfile done cleaning log files
33 timing idealTree:init Completed in 341ms
34 timing idealTree:userRequests Completed in 4ms
35 silly idealTree buildDeps
36 silly fetch manifest body-parser@^1.20.2
37 timing arborist:ctor Completed in 0ms
38 http fetch GET 200 https://registry.npmjs.org/body-parser 431ms (cache revalidated)
39 silly fetch manifest ytdl-core@^4.11.2
40 http fetch GET 200 https://registry.npmjs.org/ytdl-core 312ms (cache revalidated)
41 silly placeDep ROOT body-parser@1.20.2 REPLACE for: rander-js@1.0.0 want: ^1.20.2
42 silly placeDep ROOT ytdl-core@4.11.2 REPLACE for: rander-js@1.0.0 want: ^4.11.2
43 timing idealTree:#root Completed in 768ms
44 timing idealTree:node_modules/body-parser Completed in 0ms
45 timing idealTree:node_modules/ytdl-core Completed in 0ms
46 timing idealTree:buildDeps Completed in 770ms
47 timing idealTree:fixDepFlags Completed in 10ms
48 timing idealTree Completed in 1133ms
49 timing reify:loadTrees Completed in 1135ms
50 timing reify:diffTrees Completed in 11ms
51 silly reify moves {}
52 timing reify:retireShallow Completed in 1ms
53 timing reify:createSparse Completed in 7ms
54 timing reify:loadBundles Completed in 0ms
55 silly audit bulk request {
55 silly audit   '@discordjs/builders': [ '1.3.0' ],
55 silly audit   '@discordjs/collection': [ '1.2.0' ],
55 silly audit   '@discordjs/rest': [ '1.3.0' ],
55 silly audit   '@discordjs/util': [ '0.1.0' ],
55 silly audit   '@eslint/eslintrc': [ '1.4.0' ],
55 silly audit   '@humanwhocodes/config-array': [ '0.11.8' ],
55 silly audit   '@humanwhocodes/module-importer': [ '1.0.1' ],
55 silly audit   '@humanwhocodes/object-schema': [ '1.2.1' ],
55 silly audit   '@nodelib/fs.scandir': [ '2.1.5' ],
55 silly audit   '@nodelib/fs.stat': [ '2.0.5' ],
55 silly audit   '@nodelib/fs.walk': [ '1.2.8' ],
55 silly audit   '@sapphire/async-queue': [ '1.5.0' ],
55 silly audit   '@sapphire/shapeshift': [ '3.7.0' ],
55 silly audit   '@sapphire/snowflake': [ '3.2.2' ],
55 silly audit   '@tokenizer/token': [ '0.3.0' ],
55 silly audit   '@types/node': [ '18.11.5' ],
55 silly audit   '@types/ws': [ '8.5.3' ],
55 silly audit   abbrev: [ '1.1.1' ],
55 silly audit   accepts: [ '1.3.8' ],
55 silly audit   acorn: [ '8.8.1' ],
55 silly audit   'acorn-jsx': [ '5.3.2' ],
55 silly audit   ajv: [ '6.12.6' ],
55 silly audit   'ansi-regex': [ '5.0.1' ],
55 silly audit   'ansi-styles': [ '4.3.0' ],
55 silly audit   anymatch: [ '3.1.3' ],
55 silly audit   argparse: [ '2.0.1' ],
55 silly audit   'array-flatten': [ '1.1.1' ],
55 silly audit   asynckit: [ '0.4.0' ],
55 silly audit   axios: [ '1.2.1', '0.21.4' ],
55 silly audit   'balanced-match': [ '1.0.2' ],
55 silly audit   'base64-js': [ '1.5.1' ],
55 silly audit   'binary-extensions': [ '2.2.0' ],
55 silly audit   bl: [ '4.1.0' ],
55 silly audit   'body-parser': [ '1.20.1', '1.20.2' ],
55 silly audit   debug: [ '4.3.4', '2.6.9', '3.2.7' ],
55 silly audit   ms: [ '2.0.0', '2.1.2', '2.1.3' ],
55 silly audit   'brace-expansion': [ '1.1.11' ],
55 silly audit   braces: [ '3.0.2' ],
55 silly audit   buffer: [ '5.7.1' ],
55 silly audit   busboy: [ '1.6.0' ],
55 silly audit   bytes: [ '3.1.2' ],
55 silly audit   'call-bind': [ '1.0.2' ],
55 silly audit   callsites: [ '3.1.0' ],
55 silly audit   chalk: [ '4.1.2' ],
55 silly audit   chokidar: [ '3.5.3' ],
55 silly audit   'glob-parent': [ '5.1.2', '6.0.2' ],
55 silly audit   cliui: [ '8.0.1' ],
55 silly audit   color: [ '4.2.3' ],
55 silly audit   'color-convert': [ '2.0.1' ],
55 silly audit   'color-name': [ '1.1.4' ],
55 silly audit   'color-string': [ '1.9.1' ],
55 silly audit   'combined-stream': [ '1.0.8' ],
55 silly audit   'concat-map': [ '0.0.1' ],
55 silly audit   concurrently: [ '7.6.0' ],
55 silly audit   'supports-color': [ '8.1.1', '5.5.0', '7.2.0' ],
55 silly audit   'content-disposition': [ '0.5.4' ],
55 silly audit   'content-type': [ '1.0.5' ],
55 silly audit   cookie: [ '0.5.0' ],
55 silly audit   'cookie-signature': [ '1.0.6' ],
55 silly audit   'cross-spawn': [ '7.0.3' ],
55 silly audit   'date-fns': [ '2.29.3' ],
55 silly audit   'deep-extend': [ '0.6.0' ],
55 silly audit   'deep-is': [ '0.1.4' ],
55 silly audit   'delayed-stream': [ '1.0.0' ],
55 silly audit   depd: [ '2.0.0' ],
55 silly audit   destroy: [ '1.2.0' ],
55 silly audit   'detect-libc': [ '2.0.1' ],
55 silly audit   'discord-api-types': [ '0.37.14' ],
55 silly audit   'discord.js': [ '14.6.0' ],
55 silly audit   doctrine: [ '3.0.0' ],
55 silly audit   dotenv: [ '16.0.3' ],
55 silly audit   'ee-first': [ '1.1.1' ],
55 silly audit   'emoji-regex': [ '8.0.0' ],
55 silly audit   encodeurl: [ '1.0.2' ],
55 silly audit   'end-of-stream': [ '1.4.4' ],
55 silly audit   escalade: [ '3.1.1' ],
55 silly audit   'escape-html': [ '1.0.3' ],
55 silly audit   'escape-string-regexp': [ '4.0.0' ],
55 silly audit   eslint: [ '8.30.0' ],
55 silly audit   'eslint-scope': [ '7.1.1' ],
55 silly audit   'eslint-utils': [ '3.0.0' ],
55 silly audit   'eslint-visitor-keys': [ '2.1.0', '3.3.0' ],
55 silly audit   espree: [ '9.4.1' ],
55 silly audit   esquery: [ '1.4.0' ],
55 silly audit   esrecurse: [ '4.3.0' ],
55 silly audit   estraverse: [ '5.3.0' ],
55 silly audit   esutils: [ '2.0.3' ],
55 silly audit   etag: [ '1.8.1' ],
55 silly audit   'expand-template': [ '2.0.3' ],
55 silly audit   express: [ '4.18.2' ],
55 silly audit   'express-rate-limit': [ '6.7.0' ],
55 silly audit   'raw-body': [ '2.5.1', '2.5.2' ],
55 silly audit   'fast-deep-equal': [ '3.1.3' ],
55 silly audit   'fast-json-stable-stringify': [ '2.1.0' ],
55 silly audit   'fast-levenshtein': [ '2.0.6' ],
55 silly audit   fastq: [ '1.14.0' ],
55 silly audit   'file-entry-cache': [ '6.0.1' ],
55 silly audit   'file-type': [ '18.0.0' ],
55 silly audit   'fill-range': [ '7.0.1' ],
55 silly audit   finalhandler: [ '1.2.0' ],
55 silly audit   'find-up': [ '5.0.0' ],
55 silly audit   'flat-cache': [ '3.0.4' ],
55 silly audit   flatted: [ '3.2.7' ],
55 silly audit   'follow-redirects': [ '1.15.2' ],
55 silly audit   'form-data': [ '4.0.0' ],
55 silly audit   forwarded: [ '0.2.0' ],
55 silly audit   fresh: [ '0.5.2' ],
55 silly audit   'fs-constants': [ '1.0.0' ],
55 silly audit   'fs.realpath': [ '1.0.0' ],
55 silly audit   fsevents: [ '2.3.2' ],
55 silly audit   'function-bind': [ '1.1.1' ],
55 silly audit   'get-caller-file': [ '2.0.5' ],
55 silly audit   'get-intrinsic': [ '1.2.0' ],
55 silly audit   'github-from-package': [ '0.0.0' ],
55 silly audit   glob: [ '7.2.3' ],
55 silly audit   globals: [ '13.19.0' ],
55 silly audit   'grapheme-splitter': [ '1.0.4' ],
55 silly audit   has: [ '1.0.3' ],
55 silly audit   'has-flag': [ '4.0.0', '3.0.0' ],
55 silly audit   'has-symbols': [ '1.0.3' ],
55 silly audit   helmet: [ '6.0.1' ],
55 silly audit   'http-errors': [ '2.0.0' ],
55 silly audit   'iconv-lite': [ '0.4.24' ],
55 silly audit   ieee754: [ '1.2.1' ],
55 silly audit   ignore: [ '5.2.4' ],
55 silly audit   'ignore-by-default': [ '1.0.1' ],
55 silly audit   'import-fresh': [ '3.3.0' ],
55 silly audit   imurmurhash: [ '0.1.4' ],
55 silly audit   inflight: [ '1.0.6' ],
55 silly audit   inherits: [ '2.0.4' ],
55 silly audit   ini: [ '1.3.8' ],
55 silly audit   interpret: [ '1.4.0' ],
55 silly audit   'ipaddr.js': [ '1.9.1' ],
55 silly audit   'is-arrayish': [ '0.3.2' ],
55 silly audit   'is-binary-path': [ '2.1.0' ],
55 silly audit   'is-core-module': [ '2.11.0' ],
55 silly audit   'is-extglob': [ '2.1.1' ],
55 silly audit   'is-fullwidth-code-point': [ '3.0.0' ],
55 silly audit   'is-glob': [ '4.0.3' ],
55 silly audit   'is-number': [ '7.0.0' ],
55 silly audit   'is-path-inside': [ '3.0.3' ],
55 silly audit   isexe: [ '2.0.0' ],
55 silly audit   'js-sdsl': [ '4.2.0' ],
55 silly audit   'js-yaml': [ '4.1.0' ],
55 silly audit   'json-schema-traverse': [ '0.4.1' ],
55 silly audit   'json-stable-stringify-without-jsonify': [ '1.0.1' ],
55 silly audit   levn: [ '0.4.1' ],
55 silly audit   'locate-path': [ '6.0.0' ],
55 silly audit   lodash: [ '4.17.21' ],
55 silly audit   'lodash.merge': [ '4.6.2' ],
55 silly audit   'lodash.snakecase': [ '4.1.1' ],
55 silly audit   'lodash.uniqwith': [ '4.5.0' ],
55 silly audit   'lru-cache': [ '6.0.0' ],
55 silly audit   m3u8stream: [ '0.8.6' ],
55 silly audit   sax: [ '1.2.4', '0.5.8' ],
55 silly audit   'media-typer': [ '0.3.0' ],
55 silly audit   'merge-descriptors': [ '1.0.1' ],
55 silly audit   methods: [ '1.1.2' ],
55 silly audit   mime: [ '1.6.0' ],
55 silly audit   'mime-db': [ '1.52.0' ],
55 silly audit   'mime-types': [ '2.1.35' ],
55 silly audit   miniget: [ '4.2.2' ],
55 silly audit   minimatch: [ '3.1.2' ],
55 silly audit   minimist: [ '1.2.7' ],
55 silly audit   'mkdirp-classic': [ '0.5.3' ],
55 silly audit   'napi-build-utils': [ '1.0.2' ],
55 silly audit   'natural-compare': [ '1.4.0' ],
55 silly audit   negotiator: [ '0.6.3' ],
55 silly audit   'node-abi': [ '3.30.0' ],
55 silly audit   'node-addon-api': [ '5.0.0' ],
55 silly audit   nodemon: [ '2.0.20' ],
55 silly audit   semver: [ '5.7.1', '7.3.8', '7.0.0' ],
55 silly audit   nopt: [ '1.0.10' ],
55 silly audit   'normalize-path': [ '3.0.0' ],
55 silly audit   'object-inspect': [ '1.12.3' ],
55 silly audit   'on-finished': [ '2.4.1' ],
55 silly audit   once: [ '1.4.0' ],
55 silly audit   optionator: [ '0.9.1' ],
55 silly audit   'p-limit': [ '3.1.0' ],
55 silly audit   'p-locate': [ '5.0.0' ],
55 silly audit   'parent-module': [ '1.0.1' ],
55 silly audit   parseurl: [ '1.3.3' ],
55 silly audit   'path-exists': [ '4.0.0' ],
55 silly audit   'path-is-absolute': [ '1.0.1' ],
55 silly audit   'path-key': [ '3.1.1' ],
55 silly audit   'path-parse': [ '1.0.7' ],
55 silly audit   'path-to-regexp': [ '0.1.7' ],
55 silly audit   'peek-readable': [ '5.0.0' ],
55 silly audit   picomatch: [ '2.3.1' ],
55 silly audit   'prebuild-install': [ '7.1.1' ],
55 silly audit   'decompress-response': [ '6.0.0' ],
55 silly audit   'mimic-response': [ '3.1.0' ],
55 silly audit   'simple-get': [ '4.0.1' ],
55 silly audit   'prelude-ls': [ '1.2.1' ],
55 silly audit   'proxy-addr': [ '2.0.7' ],
55 silly audit   'proxy-from-env': [ '1.1.0' ],
55 silly audit   'pstree.remy': [ '1.1.8' ],
55 silly audit   pump: [ '3.0.0' ],
55 silly audit   punycode: [ '2.1.1' ],
55 silly audit   qs: [ '6.11.0' ],
55 silly audit   'queue-microtask': [ '1.2.3' ],
55 silly audit   'range-parser': [ '1.2.1' ],
55 silly audit   rc: [ '1.2.8' ],
55 silly audit   'strip-json-comments': [ '2.0.1', '3.1.1' ],
55 silly audit   'readable-stream': [ '3.6.0' ],
55 silly audit   'readable-web-to-node-stream': [ '3.0.2' ],
55 silly audit   readdirp: [ '3.6.0' ],
55 silly audit   rechoir: [ '0.6.2' ],
55 silly audit   regexpp: [ '3.2.0' ],
55 silly audit   'require-directory': [ '2.1.1' ],
55 silly audit   resolve: [ '1.22.1' ],
55 silly audit   'resolve-from': [ '4.0.0' ],
55 silly audit   reusify: [ '1.0.4' ],
55 silly audit   rimraf: [ '3.0.2' ],
55 silly audit   'run-parallel': [ '1.2.0' ],
55 silly audit   rxjs: [ '7.8.0' ],
55 silly audit   'safe-buffer': [ '5.2.1' ],
55 silly audit   'safer-buffer': [ '2.1.2' ],
55 silly audit   send: [ '0.18.0' ],
55 silly audit   'serve-static': [ '1.15.0' ],
55 silly audit   setprototypeof: [ '1.2.0' ],
55 silly audit   sharp: [ '0.31.3' ],
55 silly audit   'shebang-command': [ '2.0.0' ],
55 silly audit   'shebang-regex': [ '3.0.0' ],
55 silly audit   'shell-quote': [ '1.8.0' ],
55 silly audit   shelljs: [ '0.8.5' ],
55 silly audit   'side-channel': [ '1.0.4' ],
55 silly audit   'simple-concat': [ '1.0.1' ],
55 silly audit   'simple-swizzle': [ '0.2.2' ],
55 silly audit   'simple-update-notifier': [ '1.1.0' ],
55 silly audit   'spawn-command': [ '0.0.2-1' ],
55 silly audit   statuses: [ '2.0.1' ],
55 silly audit   streamsearch: [ '1.1.0' ],
55 silly audit   string_decoder: [ '1.3.0' ],
55 silly audit   'string-width': [ '4.2.3' ],
55 silly audit   'strip-ansi': [ '6.0.1' ],
55 silly audit   strtok3: [ '7.0.0' ],
55 silly audit   'supports-preserve-symlinks-flag': [ '1.0.0' ],
55 silly audit   'tar-fs': [ '2.1.1' ],
55 silly audit   chownr: [ '1.1.4' ],
55 silly audit   'tar-stream': [ '2.2.0' ],
55 silly audit   'text-table': [ '0.2.0' ],
55 silly audit   'to-regex-range': [ '5.0.1' ],
55 silly audit   toidentifier: [ '1.0.1' ],
55 silly audit   'token-types': [ '5.0.1' ],
55 silly audit   touch: [ '3.1.0' ],
55 silly audit   'tree-kill': [ '1.2.2' ],
55 silly audit   'ts-mixer': [ '6.0.1' ],
55 silly audit   tslib: [ '2.4.0' ],
55 silly audit   'tunnel-agent': [ '0.6.0' ],
55 silly audit   'type-check': [ '0.4.0' ],
55 silly audit   'type-fest': [ '0.20.2' ],
55 silly audit   'type-is': [ '1.6.18' ],
55 silly audit   undefsafe: [ '2.0.5' ],
55 silly audit   undici: [ '5.21.0' ],
55 silly audit   unpipe: [ '1.0.0' ],
55 silly audit   'uri-js': [ '4.4.1' ],
55 silly audit   'util-deprecate': [ '1.0.2' ],
55 silly audit   'utils-merge': [ '1.0.1' ],
55 silly audit   vary: [ '1.1.2' ],
55 silly audit   which: [ '2.0.2' ],
55 silly audit   'word-wrap': [ '1.2.3' ],
55 silly audit   'wrap-ansi': [ '7.0.0' ],
55 silly audit   wrappy: [ '1.0.2' ],
55 silly audit   ws: [ '8.10.0' ],
55 silly audit   xml2js: [ '0.2.8' ],
55 silly audit   y18n: [ '5.0.8' ],
55 silly audit   yallist: [ '4.0.0' ],
55 silly audit   yargs: [ '17.7.1' ],
55 silly audit   'yargs-parser': [ '21.1.1' ],
55 silly audit   'yocto-queue': [ '0.1.0' ],
55 silly audit   'youtube-search': [ '1.1.6' ],
55 silly audit   'ytdl-core': [ '4.11.2' ]
55 silly audit }
56 verbose reify failed optional dependency /home/container/node_modules/fsevents
57 silly reify mark deleted [ '/home/container/node_modules/fsevents' ]
58 timing reifyNode:node_modules/fsevents Completed in 3ms
59 timing reify:unpack Completed in 3ms
60 timing reify:unretire Completed in 0ms
61 timing build:queue Completed in 2ms
62 timing build:deps Completed in 2ms
63 timing build Completed in 3ms
64 timing reify:build Completed in 4ms
65 timing reify:trash Completed in 2ms
66 timing reify:save Completed in 110ms
67 http fetch POST 200 https://registry.npmjs.org/-/npm/v1/security/advisories/bulk 172ms
68 timing auditReport:getReport Completed in 184ms
69 silly audit report {}
70 timing auditReport:init Completed in 0ms
71 timing reify:audit Completed in 185ms
72 timing reify Completed in 1361ms
73 silly ADD
74 timing command:install Completed in 1373ms
75 verbose exit 0
76 timing npm Completed in 1462ms
77 info ok
